<?xml version="1.0" encoding="UTF-8"?>
<testng-results ignored="9" total="16" passed="6" failed="1" skipped="0">
  <reporter-output>
  </reporter-output>
  <suite started-at="2023-10-10T20:30:52 IST" name="test1" finished-at="2023-10-10T20:31:28 IST" duration-ms="36123">
    <groups>
    </groups>
    <test started-at="2023-10-10T20:30:52 IST" name="POMframework" finished-at="2023-10-10T20:31:28 IST" duration-ms="36123">
      <class name="com.ninja.qa.TestPages.TestRegisterPage">
        <test-method signature="testregisterUser(java.lang.String,java.lang.String,java.lang.String,java.lang.String,java.lang.String,java.lang.String)[pri:49, instance:com.ninja.qa.TestPages.TestRegisterPage@1be2019a]" started-at="2023-10-10T20:31:12 IST" name="testregisterUser" data-provider="testdata" finished-at="2023-10-10T20:31:12 IST" duration-ms="0" status="FAIL">
          <exception class="java.lang.RuntimeException">
            <message>
              <![CDATA[java.io.FileNotFoundException: C:\Users\suraj\Desktop\Excels\Registerninja.xlsx (The system cannot find the file specified)]]>
            </message>
            <full-stacktrace>
              <![CDATA[java.lang.RuntimeException: java.io.FileNotFoundException: C:\Users\suraj\Desktop\Excels\Registerninja.xlsx (The system cannot find the file specified)
at org.testng.internal.invokers.MethodInvocationHelper.invokeMethodNoCheckedException(MethodInvocationHelper.java:57)
at org.testng.internal.invokers.MethodInvocationHelper.invokeDataProvider(MethodInvocationHelper.java:157)
at org.testng.internal.Parameters.handleParameters(Parameters.java:803)
at org.testng.internal.Parameters.handleParameters(Parameters.java:728)
at org.testng.internal.invokers.ParameterHandler.handleParameters(ParameterHandler.java:72)
at org.testng.internal.invokers.ParameterHandler.createParameters(ParameterHandler.java:51)
at org.testng.internal.invokers.TestInvoker$MethodInvocationAgent.invoke(TestInvoker.java:924)
at org.testng.internal.invokers.TestInvoker.invokeTestMethods(TestInvoker.java:194)
at org.testng.internal.invokers.TestMethodWorker.invokeTestMethods(TestMethodWorker.java:148)
at org.testng.internal.invokers.TestMethodWorker.run(TestMethodWorker.java:128)
at java.base/java.util.ArrayList.forEach(ArrayList.java:1541)
at org.testng.TestRunner.privateRun(TestRunner.java:829)
at org.testng.TestRunner.run(TestRunner.java:602)
at org.testng.SuiteRunner.runTest(SuiteRunner.java:437)
at org.testng.SuiteRunner.runSequentially(SuiteRunner.java:431)
at org.testng.SuiteRunner.privateRun(SuiteRunner.java:391)
at org.testng.SuiteRunner.run(SuiteRunner.java:330)
at org.testng.SuiteRunnerWorker.runSuite(SuiteRunnerWorker.java:52)
at org.testng.SuiteRunnerWorker.run(SuiteRunnerWorker.java:95)
at org.testng.TestNG.runSuitesSequentially(TestNG.java:1256)
at org.testng.TestNG.runSuitesLocally(TestNG.java:1176)
at org.testng.TestNG.runSuites(TestNG.java:1099)
at org.testng.TestNG.run(TestNG.java:1067)
at org.testng.remote.AbstractRemoteTestNG.run(AbstractRemoteTestNG.java:115)
at org.testng.remote.RemoteTestNG.initAndRun(RemoteTestNG.java:251)
at org.testng.remote.RemoteTestNG.main(RemoteTestNG.java:77)
Caused by: java.io.FileNotFoundException: C:\Users\suraj\Desktop\Excels\Registerninja.xlsx (The system cannot find the file specified)
at java.base/java.io.FileInputStream.open0(Native Method)
at java.base/java.io.FileInputStream.open(FileInputStream.java:219)
at java.base/java.io.FileInputStream.<init>(FileInputStream.java:157)
at java.base/java.io.FileInputStream.<init>(FileInputStream.java:112)
at com.ninja.qa.Utilities.Xls_DataProvider.getTestData(Xls_DataProvider.java:22)
at com.ninja.qa.TestPages.TestRegisterPage.datasupplier(TestRegisterPage.java:49)
at java.base/jdk.internal.reflect.NativeMethodAccessorImpl.invoke0(Native Method)
at java.base/jdk.internal.reflect.NativeMethodAccessorImpl.invoke(NativeMethodAccessorImpl.java:62)
at java.base/jdk.internal.reflect.DelegatingMethodAccessorImpl.invoke(DelegatingMethodAccessorImpl.java:43)
at java.base/java.lang.reflect.Method.invoke(Method.java:566)
at org.testng.internal.invokers.MethodInvocationHelper.invokeMethod(MethodInvocationHelper.java:139)
at org.testng.internal.invokers.MethodInvocationHelper.invokeMethod(MethodInvocationHelper.java:84)
at org.testng.internal.invokers.MethodInvocationHelper.invokeMethodNoCheckedException(MethodInvocationHelper.java:53)
... 25 more
]]>
            </full-stacktrace>
          </exception> <!-- java.lang.RuntimeException -->
          <reporter-output>
          </reporter-output>
        </test-method> <!-- testregisterUser -->
      </class> <!-- com.ninja.qa.TestPages.TestRegisterPage -->
      <class name="com.ninja.qa.TestPages.HomePageTest">
        <test-method is-config="true" signature="InitalizeExtentReport()[pri:0, instance:com.ninja.qa.TestPages.HomePageTest@30f842ca]" started-at="2023-10-10T20:30:51 IST" name="InitalizeExtentReport" finished-at="2023-10-10T20:30:52 IST" duration-ms="420" status="PASS">
          <reporter-output>
          </reporter-output>
        </test-method> <!-- InitalizeExtentReport -->
        <test-method is-config="true" signature="getnameMethod(org.testng.ITestContext)[pri:0, instance:com.ninja.qa.TestPages.HomePageTest@30f842ca]" started-at="2023-10-10T20:30:52 IST" name="getnameMethod" finished-at="2023-10-10T20:30:52 IST" duration-ms="15" status="PASS">
          <params>
            <param index="0">
              <value>
                <![CDATA[org.testng.TestRunner@285005b8]]>
              </value>
            </param>
          </params>
          <reporter-output>
          </reporter-output>
        </test-method> <!-- getnameMethod -->
        <test-method is-config="true" signature="OpenApp()[pri:0, instance:com.ninja.qa.TestPages.HomePageTest@30f842ca]" started-at="2023-10-10T20:30:52 IST" name="OpenApp" finished-at="2023-10-10T20:30:57 IST" duration-ms="4964" status="PASS">
          <reporter-output>
          </reporter-output>
        </test-method> <!-- OpenApp -->
        <test-method signature="testTitle()[pri:49, instance:com.ninja.qa.TestPages.HomePageTest@30f842ca]" started-at="2023-10-10T20:30:57 IST" name="testTitle" finished-at="2023-10-10T20:30:57 IST" duration-ms="24" status="PASS">
          <reporter-output>
          </reporter-output>
        </test-method> <!-- testTitle -->
        <test-method is-config="true" signature="CloseApp()[pri:0, instance:com.ninja.qa.TestPages.HomePageTest@30f842ca]" started-at="2023-10-10T20:30:57 IST" name="CloseApp" finished-at="2023-10-10T20:30:57 IST" duration-ms="196" status="PASS">
          <reporter-output>
          </reporter-output>
        </test-method> <!-- CloseApp -->
        <test-method is-config="true" signature="generateTestStatus(java.lang.reflect.Method,org.testng.ITestResult)[pri:0, instance:com.ninja.qa.TestPages.HomePageTest@30f842ca]" started-at="2023-10-10T20:30:57 IST" name="generateTestStatus" finished-at="2023-10-10T20:30:57 IST" duration-ms="9" status="PASS">
          <params>
            <param index="0">
              <value>
                <![CDATA[public void com.ninja.qa.TestPages.HomePageTest.testTitle()]]>
              </value>
            </param>
            <param index="1">
              <value>
                <![CDATA[[TestResult name=testTitle status=SUCCESS method=HomePageTest.testTitle()[pri:49, instance:com.ninja.qa.TestPages.HomePageTest@30f842ca] output={null}]]]>
              </value>
            </param>
          </params>
          <reporter-output>
          </reporter-output>
        </test-method> <!-- generateTestStatus -->
        <test-method is-config="true" signature="OpenApp()[pri:0, instance:com.ninja.qa.TestPages.HomePageTest@30f842ca]" started-at="2023-10-10T20:30:57 IST" name="OpenApp" finished-at="2023-10-10T20:31:00 IST" duration-ms="3152" status="PASS">
          <reporter-output>
          </reporter-output>
        </test-method> <!-- OpenApp -->
        <test-method signature="testRegisterLink()[pri:50, instance:com.ninja.qa.TestPages.HomePageTest@30f842ca]" started-at="2023-10-10T20:31:00 IST" name="testRegisterLink" finished-at="2023-10-10T20:31:01 IST" duration-ms="674" status="PASS">
          <reporter-output>
          </reporter-output>
        </test-method> <!-- testRegisterLink -->
        <test-method is-config="true" signature="CloseApp()[pri:0, instance:com.ninja.qa.TestPages.HomePageTest@30f842ca]" started-at="2023-10-10T20:31:01 IST" name="CloseApp" finished-at="2023-10-10T20:31:01 IST" duration-ms="206" status="PASS">
          <reporter-output>
          </reporter-output>
        </test-method> <!-- CloseApp -->
        <test-method is-config="true" signature="generateTestStatus(java.lang.reflect.Method,org.testng.ITestResult)[pri:0, instance:com.ninja.qa.TestPages.HomePageTest@30f842ca]" started-at="2023-10-10T20:31:01 IST" name="generateTestStatus" finished-at="2023-10-10T20:31:01 IST" duration-ms="0" status="PASS">
          <params>
            <param index="0">
              <value>
                <![CDATA[public void com.ninja.qa.TestPages.HomePageTest.testRegisterLink()]]>
              </value>
            </param>
            <param index="1">
              <value>
                <![CDATA[[TestResult name=testRegisterLink status=SUCCESS method=HomePageTest.testRegisterLink()[pri:50, instance:com.ninja.qa.TestPages.HomePageTest@30f842ca] output={null}]]]>
              </value>
            </param>
          </params>
          <reporter-output>
          </reporter-output>
        </test-method> <!-- generateTestStatus -->
        <test-method is-config="true" signature="OpenApp()[pri:0, instance:com.ninja.qa.TestPages.HomePageTest@30f842ca]" started-at="2023-10-10T20:31:01 IST" name="OpenApp" finished-at="2023-10-10T20:31:05 IST" duration-ms="4264" status="PASS">
          <reporter-output>
          </reporter-output>
        </test-method> <!-- OpenApp -->
        <test-method signature="testLoginLink()[pri:51, instance:com.ninja.qa.TestPages.HomePageTest@30f842ca]" started-at="2023-10-10T20:31:05 IST" name="testLoginLink" finished-at="2023-10-10T20:31:06 IST" duration-ms="406" status="PASS">
          <reporter-output>
          </reporter-output>
        </test-method> <!-- testLoginLink -->
        <test-method is-config="true" signature="CloseApp()[pri:0, instance:com.ninja.qa.TestPages.HomePageTest@30f842ca]" started-at="2023-10-10T20:31:06 IST" name="CloseApp" finished-at="2023-10-10T20:31:06 IST" duration-ms="195" status="PASS">
          <reporter-output>
          </reporter-output>
        </test-method> <!-- CloseApp -->
        <test-method is-config="true" signature="generateTestStatus(java.lang.reflect.Method,org.testng.ITestResult)[pri:0, instance:com.ninja.qa.TestPages.HomePageTest@30f842ca]" started-at="2023-10-10T20:31:06 IST" name="generateTestStatus" finished-at="2023-10-10T20:31:06 IST" duration-ms="0" status="PASS">
          <params>
            <param index="0">
              <value>
                <![CDATA[public void com.ninja.qa.TestPages.HomePageTest.testLoginLink()]]>
              </value>
            </param>
            <param index="1">
              <value>
                <![CDATA[[TestResult name=testLoginLink status=SUCCESS method=HomePageTest.testLoginLink()[pri:51, instance:com.ninja.qa.TestPages.HomePageTest@30f842ca] output={null}]]]>
              </value>
            </param>
          </params>
          <reporter-output>
          </reporter-output>
        </test-method> <!-- generateTestStatus -->
        <test-method is-config="true" signature="OpenApp()[pri:0, instance:com.ninja.qa.TestPages.HomePageTest@30f842ca]" started-at="2023-10-10T20:31:06 IST" name="OpenApp" finished-at="2023-10-10T20:31:09 IST" duration-ms="3233" status="PASS">
          <reporter-output>
          </reporter-output>
        </test-method> <!-- OpenApp -->
        <test-method signature="testMacLink()[pri:52, instance:com.ninja.qa.TestPages.HomePageTest@30f842ca]" started-at="2023-10-10T20:31:09 IST" name="testMacLink" finished-at="2023-10-10T20:31:12 IST" duration-ms="2480" status="PASS">
          <reporter-output>
          </reporter-output>
        </test-method> <!-- testMacLink -->
        <test-method is-config="true" signature="CloseApp()[pri:0, instance:com.ninja.qa.TestPages.HomePageTest@30f842ca]" started-at="2023-10-10T20:31:12 IST" name="CloseApp" finished-at="2023-10-10T20:31:12 IST" duration-ms="196" status="PASS">
          <reporter-output>
          </reporter-output>
        </test-method> <!-- CloseApp -->
        <test-method is-config="true" signature="generateTestStatus(java.lang.reflect.Method,org.testng.ITestResult)[pri:0, instance:com.ninja.qa.TestPages.HomePageTest@30f842ca]" started-at="2023-10-10T20:31:12 IST" name="generateTestStatus" finished-at="2023-10-10T20:31:12 IST" duration-ms="1" status="PASS">
          <params>
            <param index="0">
              <value>
                <![CDATA[public void com.ninja.qa.TestPages.HomePageTest.testMacLink() throws java.lang.InterruptedException]]>
              </value>
            </param>
            <param index="1">
              <value>
                <![CDATA[[TestResult name=testMacLink status=SUCCESS method=HomePageTest.testMacLink()[pri:52, instance:com.ninja.qa.TestPages.HomePageTest@30f842ca] output={null}]]]>
              </value>
            </param>
          </params>
          <reporter-output>
          </reporter-output>
        </test-method> <!-- generateTestStatus -->
        <test-method is-config="true" signature="generateReports()[pri:0, instance:com.ninja.qa.TestPages.HomePageTest@30f842ca]" started-at="2023-10-10T20:31:28 IST" name="generateReports" finished-at="2023-10-10T20:31:29 IST" duration-ms="785" status="PASS">
          <reporter-output>
          </reporter-output>
        </test-method> <!-- generateReports -->
      </class> <!-- com.ninja.qa.TestPages.HomePageTest -->
      <class name="com.ninja.qa.TestPages.TestSearchPage">
        <test-method is-config="true" signature="OpenApp()[pri:0, instance:com.ninja.qa.TestPages.TestSearchPage@58e1d9d]" started-at="2023-10-10T20:31:20 IST" name="OpenApp" finished-at="2023-10-10T20:31:25 IST" duration-ms="4667" status="PASS">
          <reporter-output>
          </reporter-output>
        </test-method> <!-- OpenApp -->
        <test-method signature="searchProduct()[pri:0, instance:com.ninja.qa.TestPages.TestSearchPage@58e1d9d]" started-at="2023-10-10T20:31:25 IST" name="searchProduct" finished-at="2023-10-10T20:31:28 IST" duration-ms="2960" status="PASS">
          <reporter-output>
          </reporter-output>
        </test-method> <!-- searchProduct -->
        <test-method is-config="true" signature="CloseApp()[pri:0, instance:com.ninja.qa.TestPages.TestSearchPage@58e1d9d]" started-at="2023-10-10T20:31:28 IST" name="CloseApp" finished-at="2023-10-10T20:31:28 IST" duration-ms="182" status="PASS">
          <reporter-output>
          </reporter-output>
        </test-method> <!-- CloseApp -->
        <test-method is-config="true" signature="generateTestStatus(java.lang.reflect.Method,org.testng.ITestResult)[pri:0, instance:com.ninja.qa.TestPages.TestSearchPage@58e1d9d]" started-at="2023-10-10T20:31:28 IST" name="generateTestStatus" finished-at="2023-10-10T20:31:28 IST" duration-ms="1" status="PASS">
          <params>
            <param index="0">
              <value>
                <![CDATA[public void com.ninja.qa.TestPages.TestSearchPage.searchProduct() throws java.lang.InterruptedException]]>
              </value>
            </param>
            <param index="1">
              <value>
                <![CDATA[[TestResult name=searchProduct status=SUCCESS method=TestSearchPage.searchProduct()[pri:0, instance:com.ninja.qa.TestPages.TestSearchPage@58e1d9d] output={null}]]]>
              </value>
            </param>
          </params>
          <reporter-output>
          </reporter-output>
        </test-method> <!-- generateTestStatus -->
      </class> <!-- com.ninja.qa.TestPages.TestSearchPage -->
      <class name="com.ninja.qa.TestPages.TestProductPage">
        <test-method is-config="true" signature="OpenApp()[pri:0, instance:com.ninja.qa.TestPages.TestProductPage@29d80d2b]" started-at="2023-10-10T20:31:12 IST" name="OpenApp" finished-at="2023-10-10T20:31:15 IST" duration-ms="3102" status="PASS">
          <reporter-output>
          </reporter-output>
        </test-method> <!-- OpenApp -->
        <test-method signature="testproduct_addtocart()[pri:0, instance:com.ninja.qa.TestPages.TestProductPage@29d80d2b]" started-at="2023-10-10T20:31:15 IST" name="testproduct_addtocart" finished-at="2023-10-10T20:31:20 IST" duration-ms="4869" status="PASS">
          <reporter-output>
          </reporter-output>
        </test-method> <!-- testproduct_addtocart -->
        <test-method is-config="true" signature="CloseApp()[pri:0, instance:com.ninja.qa.TestPages.TestProductPage@29d80d2b]" started-at="2023-10-10T20:31:20 IST" name="CloseApp" finished-at="2023-10-10T20:31:20 IST" duration-ms="251" status="PASS">
          <reporter-output>
          </reporter-output>
        </test-method> <!-- CloseApp -->
        <test-method is-config="true" signature="generateTestStatus(java.lang.reflect.Method,org.testng.ITestResult)[pri:0, instance:com.ninja.qa.TestPages.TestProductPage@29d80d2b]" started-at="2023-10-10T20:31:20 IST" name="generateTestStatus" finished-at="2023-10-10T20:31:20 IST" duration-ms="1" status="PASS">
          <params>
            <param index="0">
              <value>
                <![CDATA[public void com.ninja.qa.TestPages.TestProductPage.testproduct_addtocart() throws java.lang.InterruptedException]]>
              </value>
            </param>
            <param index="1">
              <value>
                <![CDATA[[TestResult name=testproduct_addtocart status=SUCCESS method=TestProductPage.testproduct_addtocart()[pri:0, instance:com.ninja.qa.TestPages.TestProductPage@29d80d2b] output={null}]]]>
              </value>
            </param>
          </params>
          <reporter-output>
          </reporter-output>
        </test-method> <!-- generateTestStatus -->
      </class> <!-- com.ninja.qa.TestPages.TestProductPage -->
    </test> <!-- POMframework -->
  </suite> <!-- test1 -->
</testng-results>
